<?xml version="1.0" encoding="UTF-8"?>
<testng-results ignored="0" total="1" passed="1" failed="0" skipped="0">
  <reporter-output>
  </reporter-output>
  <suite started-at="2024-03-28T00:13:09 IST" name="Suite" finished-at="2024-03-28T00:13:09 IST" duration-ms="710">
    <groups>
      <group name="cucumber">
        <method signature="AbstractTestNGCucumberTests.runScenario(io.cucumber.testng.PickleWrapper,io.cucumber.testng.FeatureWrapper)[pri:0, instance:runner.Campaign_Tag_RunnerClass@4a94ee4]" name="runScenario" class="io.cucumber.testng.AbstractTestNGCucumberTests"/>
      </group> <!-- cucumber -->
    </groups>
    <test started-at="2024-03-28T00:13:09 IST" name="Test" finished-at="2024-03-28T00:13:09 IST" duration-ms="710">
      <class name="runner.Campaign_Tag_RunnerClass">
        <test-method is-config="true" signature="setUpClass(org.testng.ITestContext)[pri:0, instance:runner.Campaign_Tag_RunnerClass@4a94ee4]" started-at="2024-03-28T00:13:09 IST" name="setUpClass" finished-at="2024-03-28T00:13:09 IST" duration-ms="468" status="PASS">
          <params>
            <param index="0">
              <value>
                <![CDATA[org.testng.TestRunner@5e4bd84a]]>
              </value>
            </param>
          </params>
          <reporter-output>
          </reporter-output>
        </test-method> <!-- setUpClass -->
        <test-method signature="runScenario(io.cucumber.testng.PickleWrapper,io.cucumber.testng.FeatureWrapper)[pri:0, instance:runner.Campaign_Tag_RunnerClass@4a94ee4]" started-at="2024-03-28T00:13:09 IST" name="runScenario" description="Runs Cucumber Scenarios" data-provider="scenarios" finished-at="2024-03-28T00:13:09 IST" duration-ms="132" status="PASS">
          <params>
            <param index="0">
              <value>
                <![CDATA["Created Campaign"]]>
              </value>
            </param>
            <param index="1">
              <value>
                <![CDATA["Campaign Functionality"]]>
              </value>
            </param>
          </params>
          <reporter-output>
          </reporter-output>
        </test-method> <!-- runScenario -->
        <test-method is-config="true" signature="tearDownClass()[pri:0, instance:runner.Campaign_Tag_RunnerClass@4a94ee4]" started-at="2024-03-28T00:13:09 IST" name="tearDownClass" finished-at="2024-03-28T00:13:09 IST" duration-ms="5" status="PASS">
          <reporter-output>
          </reporter-output>
        </test-method> <!-- tearDownClass -->
      </class> <!-- runner.Campaign_Tag_RunnerClass -->
    </test> <!-- Test -->
  </suite> <!-- Suite -->
</testng-results>
