<?xml version="1.0" encoding="UTF-8"?>
<testng-results ignored="0" total="1" passed="1" failed="0" skipped="0">
  <reporter-output>
  </reporter-output>
  <suite started-at="2024-03-28T00:05:47 IST" name="Default suite" finished-at="2024-03-28T00:05:48 IST" duration-ms="671">
    <groups>
      <group name="cucumber">
        <method signature="AbstractTestNGCucumberTests.runScenario(io.cucumber.testng.PickleWrapper,io.cucumber.testng.FeatureWrapper)[pri:0, instance:runner.Campaign_Tag_RunnerClass@5f049ea1]" name="runScenario" class="io.cucumber.testng.AbstractTestNGCucumberTests"/>
      </group> <!-- cucumber -->
    </groups>
    <test started-at="2024-03-28T00:05:47 IST" name="Default test" finished-at="2024-03-28T00:05:48 IST" duration-ms="671">
      <class name="runner.Campaign_Tag_RunnerClass">
        <test-method is-config="true" signature="setUpClass(org.testng.ITestContext)[pri:0, instance:runner.Campaign_Tag_RunnerClass@5f049ea1]" started-at="2024-03-28T00:05:47 IST" name="setUpClass" finished-at="2024-03-28T00:05:47 IST" duration-ms="372" status="PASS">
          <params>
            <param index="0">
              <value>
                <![CDATA[org.testng.TestRunner@71ae31b0]]>
              </value>
            </param>
          </params>
          <reporter-output>
          </reporter-output>
        </test-method> <!-- setUpClass -->
        <test-method signature="runScenario(io.cucumber.testng.PickleWrapper,io.cucumber.testng.FeatureWrapper)[pri:0, instance:runner.Campaign_Tag_RunnerClass@5f049ea1]" started-at="2024-03-28T00:05:47 IST" name="runScenario" description="Runs Cucumber Scenarios" data-provider="scenarios" finished-at="2024-03-28T00:05:48 IST" duration-ms="214" status="PASS">
          <params>
            <param index="0">
              <value>
                <![CDATA["Created Campaign"]]>
              </value>
            </param>
            <param index="1">
              <value>
                <![CDATA["Campaign Functionality"]]>
              </value>
            </param>
          </params>
          <reporter-output>
          </reporter-output>
        </test-method> <!-- runScenario -->
        <test-method is-config="true" signature="tearDownClass()[pri:0, instance:runner.Campaign_Tag_RunnerClass@5f049ea1]" started-at="2024-03-28T00:05:48 IST" name="tearDownClass" finished-at="2024-03-28T00:05:48 IST" duration-ms="8" status="PASS">
          <reporter-output>
          </reporter-output>
        </test-method> <!-- tearDownClass -->
      </class> <!-- runner.Campaign_Tag_RunnerClass -->
    </test> <!-- Default test -->
  </suite> <!-- Default suite -->
</testng-results>
